<?xml version="1.0" encoding="UTF-8"?>
<TestRun id="c1133821-d514-48ef-88ed-bf062aa1bc4e" name="darryl@TRADER 2012-03-31 16:47:04" runUser="TRADER\darryl" xmlns="http://microsoft.com/schemas/VisualStudio/TeamTest/2010">
  <TestSettings name="Local" id="e3187d78-b5e1-443a-af98-dc072e6307c5">
    <Description>These are default test settings for a local test run.</Description>
    <Deployment enabled="false" runDeploymentRoot="darryl_TRADER 2012-03-31 16_47_04">
      <DeploymentItem filename="C:\Users\darryl\TracerBullet\src\Infrastructure\bin\Debug\OzarkRecovery.Infrastructure.dll" />
      <DeploymentItem filename="C:\Users\darryl\TracerBullet\packages\structuremap.2.6.3\lib\StructureMap.dll" />
      <DeploymentItem filename="C:\Users\darryl\TracerBullet\src\Core\bin\Debug\OzarkRecovery.Core.dll" />
    </Deployment>
    <Execution>
      <TestTypeSpecific />
      <AgentRule name="Execution Agents">
      </AgentRule>
    </Execution>
  </TestSettings>
  <Times creation="2012-03-31T16:47:04.3894499-05:00" queuing="2012-03-31T16:47:19.7663294-05:00" start="2012-03-31T16:47:20.2823590-05:00" finish="2012-03-31T16:53:33.8767273-05:00" />
  <ResultSummary outcome="Failed">
    <Counters total="1" executed="1" error="0" failed="1" timeout="0" aborted="0" inconclusive="0" passedButRunAborted="0" notRunnable="0" notExecuted="0" disconnected="0" warning="0" passed="0" completed="0" inProgress="0" pending="0" />
  </ResultSummary>
  <TestDefinitions>
    <UnitTest name="TestMethod1" storage="c:\users\darryl\tracerbullet\intergationtestms\bin\debug\intergationtestms.dll" id="982a5edc-ccfe-6feb-6c65-68714ae12770">
      <Execution id="c9e18187-6634-4ea0-90ca-b25ea6e3100e" />
      <TestMethod codeBase="C:/Users/darryl/TracerBullet/IntergationTestMS/bin/Debug/IntergationTestMS.DLL" adapterTypeName="Microsoft.VisualStudio.TestTools.TestTypes.Unit.UnitTestAdapter, Microsoft.VisualStudio.QualityTools.Tips.UnitTest.Adapter, Version=10.0.0.0, Culture=neutral, PublicKeyToken=b03f5f7f11d50a3a" className="IntergationTestMS.repoTest, IntergationTestMS, Version=1.0.0.0, Culture=neutral, PublicKeyToken=null" name="TestMethod1" />
    </UnitTest>
  </TestDefinitions>
  <TestLists>
    <TestList name="Results Not in a List" id="8c84fa94-04c1-424b-9868-57a2d4851a1d" />
    <TestList name="All Loaded Results" id="19431567-8539-422a-85d7-44ee4e166bda" />
  </TestLists>
  <TestEntries>
    <TestEntry testId="982a5edc-ccfe-6feb-6c65-68714ae12770" executionId="c9e18187-6634-4ea0-90ca-b25ea6e3100e" testListId="8c84fa94-04c1-424b-9868-57a2d4851a1d" />
  </TestEntries>
  <Results>
    <UnitTestResult executionId="c9e18187-6634-4ea0-90ca-b25ea6e3100e" testId="982a5edc-ccfe-6feb-6c65-68714ae12770" testName="TestMethod1" computerName="TRADER" duration="00:06:10.7606104" startTime="2012-03-31T16:47:20.7493857-05:00" endTime="2012-03-31T16:53:33.6307133-05:00" testType="13cdc9d9-ddb5-4fa4-a97d-d965ccfc6d4b" outcome="Failed" testListId="8c84fa94-04c1-424b-9868-57a2d4851a1d" relativeResultsDirectory="c9e18187-6634-4ea0-90ca-b25ea6e3100e">
      <Output>
        <ErrorInfo>
          <Message>Test method IntergationTestMS.repoTest.TestMethod1 threw exception: 
System.Data.EntityCommandExecutionException: An error occurred while executing the command definition. See the inner exception for details. ---&gt; System.Data.SqlClient.SqlException: Invalid object name 'dbo.Client'.</Message>
          <StackTrace>    at System.Data.SqlClient.SqlConnection.OnError(SqlException exception, Boolean breakConnection)
   at System.Data.SqlClient.SqlInternalConnection.OnError(SqlException exception, Boolean breakConnection)
   at System.Data.SqlClient.TdsParser.ThrowExceptionAndWarning()
   at System.Data.SqlClient.TdsParser.Run(RunBehavior runBehavior, SqlCommand cmdHandler, SqlDataReader dataStream, BulkCopySimpleResultSet bulkCopyHandler, TdsParserStateObject stateObj)
   at System.Data.SqlClient.SqlDataReader.ConsumeMetaData()
   at System.Data.SqlClient.SqlDataReader.get_MetaData()
   at System.Data.SqlClient.SqlCommand.FinishExecuteReader(SqlDataReader ds, RunBehavior runBehavior, String resetOptionsString)
   at System.Data.SqlClient.SqlCommand.RunExecuteReaderTds(CommandBehavior cmdBehavior, RunBehavior runBehavior, Boolean returnStream, Boolean async)
   at System.Data.SqlClient.SqlCommand.RunExecuteReader(CommandBehavior cmdBehavior, RunBehavior runBehavior, Boolean returnStream, String method, DbAsyncResult result)
   at System.Data.SqlClient.SqlCommand.RunExecuteReader(CommandBehavior cmdBehavior, RunBehavior runBehavior, Boolean returnStream, String method)
   at System.Data.SqlClient.SqlCommand.ExecuteReader(CommandBehavior behavior, String method)
   at System.Data.SqlClient.SqlCommand.ExecuteDbDataReader(CommandBehavior behavior)
   at System.Data.Common.DbCommand.ExecuteReader(CommandBehavior behavior)
   at System.Data.EntityClient.EntityCommandDefinition.ExecuteStoreCommands(EntityCommand entityCommand, CommandBehavior behavior)
 --- End of inner exception stack trace ---
    at System.Data.EntityClient.EntityCommandDefinition.ExecuteStoreCommands(EntityCommand entityCommand, CommandBehavior behavior)
   at System.Data.Objects.Internal.ObjectQueryExecutionPlan.Execute[TResultType](ObjectContext context, ObjectParameterCollection parameterValues)
   at System.Data.Objects.ObjectQuery`1.GetResults(Nullable`1 forMergeOption)
   at System.Data.Objects.ObjectQuery`1.System.Collections.Generic.IEnumerable&lt;T&gt;.GetEnumerator()
   at System.Linq.Enumerable.Single[TSource](IEnumerable`1 source)
   at System.Data.Objects.ELinq.ObjectQueryProvider.&lt;GetElementFunction&gt;b__3[TResult](IEnumerable`1 sequence)
   at System.Data.Objects.ELinq.ObjectQueryProvider.ExecuteSingle[TResult](IEnumerable`1 query, Expression queryRoot)
   at System.Data.Objects.ELinq.ObjectQueryProvider.System.Linq.IQueryProvider.Execute[S](Expression expression)
   at System.Data.Entity.Internal.Linq.DbQueryProvider.Execute[TResult](Expression expression)
   at System.Linq.Queryable.Count[TSource](IQueryable`1 source)
   at IntergationTestMS.repoTest.TestMethod1() in C:\Users\darryl\TracerBullet\IntergationTestMS\repoTest.cs:line 27
</StackTrace>
        </ErrorInfo>
      </Output>
    </UnitTestResult>
  </Results>
</TestRun>