<?xml version="1.0" encoding="UTF-8"?>
<TestRun id="0aa8d41b-c56d-48bd-bdd2-664c0feae2ad" name="darryl@TRADER 2012-03-31 16:53:41" runUser="TRADER\darryl" xmlns="http://microsoft.com/schemas/VisualStudio/TeamTest/2010">
  <TestSettings name="Local" id="e3187d78-b5e1-443a-af98-dc072e6307c5">
    <Description>These are default test settings for a local test run.</Description>
    <Deployment enabled="false" runDeploymentRoot="darryl_TRADER 2012-03-31 16_53_41">
      <DeploymentItem filename="C:\Users\darryl\TracerBullet\src\Infrastructure\bin\Debug\OzarkRecovery.Infrastructure.dll" />
      <DeploymentItem filename="C:\Users\darryl\TracerBullet\packages\structuremap.2.6.3\lib\StructureMap.dll" />
      <DeploymentItem filename="C:\Users\darryl\TracerBullet\src\Core\bin\Debug\OzarkRecovery.Core.dll" />
    </Deployment>
    <Execution>
      <TestTypeSpecific />
      <AgentRule name="Execution Agents">
      </AgentRule>
    </Execution>
  </TestSettings>
  <Times creation="2012-03-31T16:53:41.7211760-05:00" queuing="2012-03-31T16:53:44.8023522-05:00" start="2012-03-31T16:53:45.2643787-05:00" finish="2012-03-31T16:56:59.2724753-05:00" />
  <ResultSummary outcome="Error">
    <Counters total="1" executed="1" error="0" failed="0" timeout="0" aborted="1" inconclusive="0" passedButRunAborted="0" notRunnable="0" notExecuted="0" disconnected="0" warning="0" passed="0" completed="0" inProgress="0" pending="0" />
    <RunInfos>
      <RunInfo computerName="TRADER" outcome="Error" timestamp="2012-03-31T16:56:59.2484739-05:00">
        <Text>Test host process exited unexpectedly.</Text>
      </RunInfo>
    </RunInfos>
  </ResultSummary>
  <TestDefinitions>
    <UnitTest name="TestMethod1" storage="c:\users\darryl\tracerbullet\intergationtestms\bin\debug\intergationtestms.dll" id="982a5edc-ccfe-6feb-6c65-68714ae12770">
      <Execution id="ad5dbbfc-da10-4d74-8be6-5f79ad3da575" />
      <TestMethod codeBase="C:/Users/darryl/TracerBullet/IntergationTestMS/bin/Debug/IntergationTestMS.DLL" adapterTypeName="Microsoft.VisualStudio.TestTools.TestTypes.Unit.UnitTestAdapter, Microsoft.VisualStudio.QualityTools.Tips.UnitTest.Adapter, Version=10.0.0.0, Culture=neutral, PublicKeyToken=b03f5f7f11d50a3a" className="IntergationTestMS.repoTest, IntergationTestMS, Version=1.0.0.0, Culture=neutral, PublicKeyToken=null" name="TestMethod1" />
    </UnitTest>
  </TestDefinitions>
  <TestLists>
    <TestList name="Results Not in a List" id="8c84fa94-04c1-424b-9868-57a2d4851a1d" />
    <TestList name="All Loaded Results" id="19431567-8539-422a-85d7-44ee4e166bda" />
  </TestLists>
  <TestEntries>
    <TestEntry testId="982a5edc-ccfe-6feb-6c65-68714ae12770" executionId="ad5dbbfc-da10-4d74-8be6-5f79ad3da575" testListId="8c84fa94-04c1-424b-9868-57a2d4851a1d" />
  </TestEntries>
  <Results>
    <UnitTestResult executionId="ad5dbbfc-da10-4d74-8be6-5f79ad3da575" testId="982a5edc-ccfe-6feb-6c65-68714ae12770" testName="TestMethod1" computerName="TRADER" duration="00:03:13.5450702" startTime="2012-03-31T16:53:45.7274051-05:00" endTime="2012-03-31T16:56:59.2724753-05:00" testType="13cdc9d9-ddb5-4fa4-a97d-d965ccfc6d4b" outcome="Aborted" testListId="8c84fa94-04c1-424b-9868-57a2d4851a1d" relativeResultsDirectory="ad5dbbfc-da10-4d74-8be6-5f79ad3da575">
    </UnitTestResult>
  </Results>
</TestRun>